\BOOKMARK [1][-]{section.1}{Introduction}{}% 1
\BOOKMARK [2][-]{subsection.1.1}{Motivation}{section.1}% 2
\BOOKMARK [2][-]{subsection.1.2}{Objectives}{section.1}% 3
\BOOKMARK [1][-]{section.2}{Background}{}% 4
\BOOKMARK [2][-]{subsection.2.1}{Propositional Logic}{section.2}% 5
\BOOKMARK [2][-]{subsection.2.2}{Predicate Logic}{section.2}% 6
\BOOKMARK [2][-]{subsection.2.3}{Natural Deduction}{section.2}% 7
\BOOKMARK [3][-]{subsubsection.2.3.1}{Propositional Rules Examples}{subsection.2.3}% 8
\BOOKMARK [3][-]{subsubsection.2.3.2}{Predicate Rules Examples}{subsection.2.3}% 9
\BOOKMARK [1][-]{section.3}{Design}{}% 10
\BOOKMARK [1][-]{section.4}{Project Plan and Management}{}% 11
\BOOKMARK [2][-]{subsection.4.1}{Schedule}{section.4}% 12
\BOOKMARK [3][-]{subsubsection.4.1.1}{Iteration 1 - 1/12/2016 \0408/1/2017}{subsection.4.1}% 13
\BOOKMARK [3][-]{subsubsection.4.1.2}{Iteration 2 - 9/1/2017 \04010/2/2017}{subsection.4.1}% 14
\BOOKMARK [3][-]{subsubsection.4.1.3}{Iteration 3 - 11/2/2017 \04010/3/2017}{subsection.4.1}% 15
\BOOKMARK [3][-]{subsubsection.4.1.4}{Iteration 4 - 27/3/2017 \04021/4/2017}{subsection.4.1}% 16
\BOOKMARK [3][-]{subsubsection.4.1.5}{Iteration 5 - 22/4/2017 \04012/5/2017}{subsection.4.1}% 17
\BOOKMARK [3][-]{subsubsection.4.1.6}{Iteration 6 - 13/5/2017 \0402/6/2017}{subsection.4.1}% 18
\BOOKMARK [3][-]{subsubsection.4.1.7}{Iteration 7 - 3/6/2017 \04030/6/2017}{subsection.4.1}% 19
\BOOKMARK [1][-]{section.5}{Evaluation}{}% 20
\BOOKMARK [2][-]{subsection.5.1}{Expected Outcomes}{section.5}% 21
\BOOKMARK [2][-]{subsection.5.2}{Testing}{section.5}% 22
\BOOKMARK [2][-]{subsection.5.3}{User Feedback}{section.5}% 23
\BOOKMARK [2][-]{subsection.5.4}{Project Plan}{section.5}% 24
\BOOKMARK [1][-]{section.6}{Conclusion}{}% 25
\BOOKMARK [1][-]{appendix.A}{Natural Deduction Rules}{}% 26
\BOOKMARK [2][-]{subsection.A.1}{Propositional Rules \(adapted from ndBook\)}{appendix.A}% 27
\BOOKMARK [2][-]{subsection.A.2}{Predicate Rules}{appendix.A}% 28
\BOOKMARK [1][-]{section*.2}{References}{}% 29
